2020-07-13 15:48:49 Notice: Notice (8): compact() [<a href='https://secure.php.net/function.compact'>function.compact</a>]: Undefined variable: etagMatches in [/var/www/html/reiniciando/vendor/cakephp/cakephp/src/Http/Response.php, line 1864]
Request URL: /login
Referer URL: https://reiniciando.maksoud.dev/login
Client IP: 181.213.59.229
Trace:
Cake\Error\BaseErrorHandler::handleError() - CORE/src/Error/BaseErrorHandler.php, line 153
compact - [internal], line ??
Cake\Http\Response::checkNotModified() - CORE/src/Http/Response.php, line 1864
Cake\Controller\Component\RequestHandlerComponent::beforeRender() - CORE/src/Controller/Component/RequestHandlerComponent.php, line 332
Cake\Event\EventManager::_callListener() - CORE/src/Event/EventManager.php, line 414
Cake\Event\EventManager::dispatch() - CORE/src/Event/EventManager.php, line 391
Cake\Controller\Controller::dispatchEvent() - CORE/src/Event/EventDispatcherTrait.php, line 78
Cake\Controller\Controller::render() - CORE/src/Controller/Controller.php, line 610
Cake\Error\ExceptionRenderer::_outputMessage() - CORE/src/Error/ExceptionRenderer.php, line 325
Cake\Error\ExceptionRenderer::render() - CORE/src/Error/ExceptionRenderer.php, line 200
Cake\Error\Middleware\ErrorHandlerMiddleware::handleException() - CORE/src/Error/Middleware/ErrorHandlerMiddleware.php, line 110
Cake\Error\Middleware\ErrorHandlerMiddleware::__invoke() - CORE/src/Error/Middleware/ErrorHandlerMiddleware.php, line 94
Cake\Http\Runner::__invoke() - CORE/src/Http/Runner.php, line 65
Cake\Http\Runner::run() - CORE/src/Http/Runner.php, line 51
Cake\Http\Server::run() - CORE/src/Http/Server.php, line 80
[main] - ROOT/webroot/index.php, line 37



2020-07-13 15:48:49 Notice: Notice (8): compact() [<a href='https://secure.php.net/function.compact'>function.compact</a>]: Undefined variable: timeMatches in [/var/www/html/reiniciando/vendor/cakephp/cakephp/src/Http/Response.php, line 1864]
Request URL: /login
Referer URL: https://reiniciando.maksoud.dev/login
Client IP: 181.213.59.229
Trace:
Cake\Error\BaseErrorHandler::handleError() - CORE/src/Error/BaseErrorHandler.php, line 153
compact - [internal], line ??
Cake\Http\Response::checkNotModified() - CORE/src/Http/Response.php, line 1864
Cake\Controller\Component\RequestHandlerComponent::beforeRender() - CORE/src/Controller/Component/RequestHandlerComponent.php, line 332
Cake\Event\EventManager::_callListener() - CORE/src/Event/EventManager.php, line 414
Cake\Event\EventManager::dispatch() - CORE/src/Event/EventManager.php, line 391
Cake\Controller\Controller::dispatchEvent() - CORE/src/Event/EventDispatcherTrait.php, line 78
Cake\Controller\Controller::render() - CORE/src/Controller/Controller.php, line 610
Cake\Error\ExceptionRenderer::_outputMessage() - CORE/src/Error/ExceptionRenderer.php, line 325
Cake\Error\ExceptionRenderer::render() - CORE/src/Error/ExceptionRenderer.php, line 200
Cake\Error\Middleware\ErrorHandlerMiddleware::handleException() - CORE/src/Error/Middleware/ErrorHandlerMiddleware.php, line 110
Cake\Error\Middleware\ErrorHandlerMiddleware::__invoke() - CORE/src/Error/Middleware/ErrorHandlerMiddleware.php, line 94
Cake\Http\Runner::__invoke() - CORE/src/Http/Runner.php, line 65
Cake\Http\Runner::run() - CORE/src/Http/Runner.php, line 51
Cake\Http\Server::run() - CORE/src/Http/Server.php, line 80
[main] - ROOT/webroot/index.php, line 37



