2020-07-13 15:48:49 Error: [PDOException] SQLSTATE[HY000] [1045] Access denied for user 'username'@'localhost' (using password: YES)
Request URL: /login
Referer URL: https://reiniciando.maksoud.dev/login
Stack Trace:
#0 /var/www/html/reiniciando/vendor/cakephp/cakephp/src/Database/Driver/PDODriverTrait.php(47): PDO->__construct()
#1 /var/www/html/reiniciando/vendor/cakephp/cakephp/src/Database/Driver/Mysql.php(104): Cake\Database\Driver\Mysql->_connect()
#2 /var/www/html/reiniciando/vendor/cakephp/cakephp/src/Database/Schema/BaseSchema.php(45): Cake\Database\Driver\Mysql->connect()
#3 /var/www/html/reiniciando/vendor/cakephp/cakephp/src/Database/Dialect/MysqlDialectTrait.php(63): Cake\Database\Schema\BaseSchema->__construct()
#4 /var/www/html/reiniciando/vendor/cakephp/cakephp/src/Database/Schema/Collection.php(52): Cake\Database\Driver\Mysql->schemaDialect()
#5 /var/www/html/reiniciando/vendor/cakephp/cakephp/src/Database/Schema/CachedCollection.php(42): Cake\Database\Schema\Collection->__construct()
#6 /var/www/html/reiniciando/vendor/cakephp/cakephp/src/Database/Connection.php(355): Cake\Database\Schema\CachedCollection->__construct()
#7 /var/www/html/reiniciando/vendor/cakephp/cakephp/src/ORM/Table.php(530): Cake\Database\Connection->getSchemaCollection()
#8 /var/www/html/reiniciando/vendor/cakephp/cakephp/src/ORM/Query.php(210): Cake\ORM\Table->getSchema()
#9 /var/www/html/reiniciando/vendor/cakephp/cakephp/src/ORM/Query.php(167): Cake\ORM\Query->addDefaultTypes()
#10 /var/www/html/reiniciando/vendor/cakephp/cakephp/src/ORM/Table.php(1569): Cake\ORM\Query->__construct()
#11 /var/www/html/reiniciando/vendor/cakephp/cakephp/src/ORM/Table.php(1171): Cake\ORM\Table->query()
#12 /var/www/html/reiniciando/vendor/cakephp/cakephp/src/Auth/BaseAuthenticate.php(166): Cake\ORM\Table->find()
#13 /var/www/html/reiniciando/vendor/cakephp/cakephp/src/Auth/BaseAuthenticate.php(107): Cake\Auth\BaseAuthenticate->_query()
#14 /var/www/html/reiniciando/vendor/cakephp/cakephp/src/Auth/FormAuthenticate.php(78): Cake\Auth\BaseAuthenticate->_findUser()
#15 /var/www/html/reiniciando/vendor/cakephp/cakephp/src/Controller/Component/AuthComponent.php(820): Cake\Auth\FormAuthenticate->authenticate()
#16 /var/www/html/reiniciando/src/Controller/PagesController.php(1435): Cake\Controller\Component\AuthComponent->identify()
#17 /var/www/html/reiniciando/vendor/cakephp/cakephp/src/Controller/Controller.php(440): App\Controller\PagesController->login()
#18 /var/www/html/reiniciando/vendor/cakephp/cakephp/src/Http/ActionDispatcher.php(119): Cake\Controller\Controller->invokeAction()
#19 /var/www/html/reiniciando/vendor/cakephp/cakephp/src/Http/ActionDispatcher.php(93): Cake\Http\ActionDispatcher->_invoke()
#20 /var/www/html/reiniciando/vendor/cakephp/cakephp/src/Http/BaseApplication.php(78): Cake\Http\ActionDispatcher->dispatch()
#21 /var/www/html/reiniciando/vendor/cakephp/cakephp/src/Http/Runner.php(65): Cake\Http\BaseApplication->__invoke()
#22 /var/www/html/reiniciando/vendor/cakephp/cakephp/src/Routing/Middleware/RoutingMiddleware.php(59): Cake\Http\Runner->__invoke()
#23 /var/www/html/reiniciando/vendor/cakephp/cakephp/src/Http/Runner.php(65): Cake\Routing\Middleware\RoutingMiddleware->__invoke()
#24 /var/www/html/reiniciando/vendor/cakephp/cakephp/src/Routing/Middleware/AssetMiddleware.php(88): Cake\Http\Runner->__invoke()
#25 /var/www/html/reiniciando/vendor/cakephp/cakephp/src/Http/Runner.php(65): Cake\Routing\Middleware\AssetMiddleware->__invoke()
#26 /var/www/html/reiniciando/vendor/cakephp/cakephp/src/Error/Middleware/ErrorHandlerMiddleware.php(92): Cake\Http\Runner->__invoke()
#27 /var/www/html/reiniciando/vendor/cakephp/cakephp/src/Http/Runner.php(65): Cake\Error\Middleware\ErrorHandlerMiddleware->__invoke()
#28 /var/www/html/reiniciando/vendor/cakephp/cakephp/src/Http/Runner.php(51): Cake\Http\Runner->__invoke()
#29 /var/www/html/reiniciando/vendor/cakephp/cakephp/src/Http/Server.php(80): Cake\Http\Runner->run()
#30 /var/www/html/reiniciando/webroot/index.php(37): Cake\Http\Server->run()
#31 {main}


2020-07-13 15:48:49 Warning: Warning (512): Unable to emit headers. Headers sent in file=/var/www/html/reiniciando/vendor/cakephp/cakephp/src/Error/Debugger.php line=822 in [/var/www/html/reiniciando/vendor/cakephp/cakephp/src/Http/ResponseEmitter.php, line 48]
Request URL: /login
Referer URL: https://reiniciando.maksoud.dev/login
Client IP: 181.213.59.229
Trace:
Cake\Error\BaseErrorHandler::handleError() - CORE/src/Error/BaseErrorHandler.php, line 153
Cake\Http\ResponseEmitter::emit() - CORE/src/Http/ResponseEmitter.php, line 48
Cake\Http\Server::emit() - CORE/src/Http/Server.php, line 105
[main] - ROOT/webroot/index.php, line 37



2020-07-13 15:48:49 Warning: Warning (2): Cannot modify header information - headers already sent by (output started at /var/www/html/reiniciando/vendor/cakephp/cakephp/src/Error/Debugger.php:822) in [/var/www/html/reiniciando/vendor/cakephp/cakephp/src/Http/ResponseEmitter.php, line 148]
Request URL: /login
Referer URL: https://reiniciando.maksoud.dev/login
Client IP: 181.213.59.229
Trace:
Cake\Error\BaseErrorHandler::handleError() - CORE/src/Error/BaseErrorHandler.php, line 153
header - [internal], line ??
Cake\Http\ResponseEmitter::emitStatusLine() - CORE/src/Http/ResponseEmitter.php, line 148
Cake\Http\ResponseEmitter::emit() - CORE/src/Http/ResponseEmitter.php, line 54
Cake\Http\Server::emit() - CORE/src/Http/Server.php, line 105
[main] - ROOT/webroot/index.php, line 37



2020-07-13 15:48:49 Warning: Warning (2): Cannot modify header information - headers already sent by (output started at /var/www/html/reiniciando/vendor/cakephp/cakephp/src/Error/Debugger.php:822) in [/var/www/html/reiniciando/vendor/cakephp/cakephp/src/Http/ResponseEmitter.php, line 177]
Request URL: /login
Referer URL: https://reiniciando.maksoud.dev/login
Client IP: 181.213.59.229
Trace:
Cake\Error\BaseErrorHandler::handleError() - CORE/src/Error/BaseErrorHandler.php, line 153
header - [internal], line ??
Cake\Http\ResponseEmitter::emitHeaders() - CORE/src/Http/ResponseEmitter.php, line 177
Cake\Http\ResponseEmitter::emit() - CORE/src/Http/ResponseEmitter.php, line 55
Cake\Http\Server::emit() - CORE/src/Http/Server.php, line 105
[main] - ROOT/webroot/index.php, line 37



